Temp/gradleOut/launcher/build/outputs/logs/manifest-merger-release-report.txt
-- Merging decision tree log ---
manifest
ADDED from src/main/AndroidManifest.xml:3:1-10:12
INJECTED from src/main/AndroidManifest.xml:3:1-10:12
INJECTED from src/main/AndroidManifest.xml:3:1-10:12
INJECTED from src/main/AndroidManifest.xml:3:1-10:12
MERGED from [:unityLibrary] AndroidManifest.xml:3:1-58:12
INJECTED from src/main/AndroidManifest.xml:3:1-10:12
INJECTED from src/main/AndroidManifest.xml:3:1-10:12
INJECTED from src/main/AndroidManifest.xml:3:1-10:12
	package
		ADDED from src/main/AndroidManifest.xml:3:70-110
		INJECTED from src/main/AndroidManifest.xml
		INJECTED from src/main/AndroidManifest.xml
	android:versionName
		INJECTED from src/main/AndroidManifest.xml
		ADDED from src/main/AndroidManifest.xml:3:1-10:12
		INJECTED from src/main/AndroidManifest.xml
	xmlns:tools
		ADDED from src/main/AndroidManifest.xml:3:111-157
	android:versionCode
		INJECTED from src/main/AndroidManifest.xml
		ADDED from src/main/AndroidManifest.xml:3:1-10:12
		INJECTED from src/main/AndroidManifest.xml
	xmlns:android
		ADDED from src/main/AndroidManifest.xml:3:11-69
	android:installLocation
		ADDED from src/main/AndroidManifest.xml:3:158-198
supports-screens
ADDED from src/main/AndroidManifest.xml:4:3-163
	android:largeScreens
		ADDED from src/main/AndroidManifest.xml:4:78-105
	android:smallScreens
		ADDED from src/main/AndroidManifest.xml:4:21-48
	android:normalScreens
		ADDED from src/main/AndroidManifest.xml:4:49-77
	android:xlargeScreens
		ADDED from src/main/AndroidManifest.xml:4:106-134
	android:anyDensity
		ADDED from src/main/AndroidManifest.xml:4:135-160
application
ADDED from src/main/AndroidManifest.xml:5:3-7:17
MERGED from [:unityLibrary] AndroidManifest.xml:27:5-56:19
MERGED from [:unityLibrary] AndroidManifest.xml:27:5-56:19
	android:label
		ADDED from src/main/AndroidManifest.xml:5:16-48
	android:icon
		ADDED from src/main/AndroidManifest.xml:5:49-80
	android:banner
		ADDED from src/main/AndroidManifest.xml:5:81-118
	android:isGame
		ADDED from [:unityLibrary] AndroidManifest.xml:27:18-39
meta-data#unity.builder
ADDED from src/main/AndroidManifest.xml:6:5-79
	android:value
		ADDED from src/main/AndroidManifest.xml:6:45-76
	android:name
		ADDED from src/main/AndroidManifest.xml:6:16-44
uses-permission#android.permission.ACCESS_NETWORK_STATE
ADDED from src/main/AndroidManifest.xml:8:3-77
	android:name
		ADDED from src/main/AndroidManifest.xml:8:20-74
uses-permission#android.permission.INTERNET
ADDED from src/main/AndroidManifest.xml:9:3-65
	android:name
		ADDED from src/main/AndroidManifest.xml:9:20-62
uses-sdk
INJECTED from src/main/AndroidManifest.xml reason: use-sdk injection requested
INJECTED from src/main/AndroidManifest.xml
INJECTED from src/main/AndroidManifest.xml
MERGED from [:unityLibrary] AndroidManifest.xml:9:5-11:41
MERGED from [:unityLibrary] AndroidManifest.xml:9:5-11:41
INJECTED from src/main/AndroidManifest.xml
INJECTED from src/main/AndroidManifest.xml
	android:targetSdkVersion
		INJECTED from src/main/AndroidManifest.xml
		ADDED from src/main/AndroidManifest.xml
		INJECTED from src/main/AndroidManifest.xml
	android:minSdkVersion
		INJECTED from src/main/AndroidManifest.xml
		ADDED from src/main/AndroidManifest.xml
		INJECTED from src/main/AndroidManifest.xml
uses-feature#0x00020000
ADDED from [:unityLibrary] AndroidManifest.xml:13:5-54
	android:glEsVersion
		ADDED from [:unityLibrary] AndroidManifest.xml:13:19-51
uses-feature#android.hardware.sensor.accelerometer
ADDED from [:unityLibrary] AndroidManifest.xml:14:5-16:36
	android:required
		ADDED from [:unityLibrary] AndroidManifest.xml:16:9-33
	android:name
		ADDED from [:unityLibrary] AndroidManifest.xml:15:9-61
uses-feature#android.hardware.touchscreen
ADDED from [:unityLibrary] AndroidManifest.xml:17:5-19:36
	android:required
		ADDED from [:unityLibrary] AndroidManifest.xml:19:9-33
	android:name
		ADDED from [:unityLibrary] AndroidManifest.xml:18:9-52
uses-feature#android.hardware.touchscreen.multitouch
ADDED from [:unityLibrary] AndroidManifest.xml:20:5-22:36
	android:required
		ADDED from [:unityLibrary] AndroidManifest.xml:22:9-33
	android:name
		ADDED from [:unityLibrary] AndroidManifest.xml:21:9-63
uses-feature#android.hardware.touchscreen.multitouch.distinct
ADDED from [:unityLibrary] AndroidManifest.xml:23:5-25:36
	android:required
		ADDED from [:unityLibrary] AndroidManifest.xml:25:9-33
	android:name
		ADDED from [:unityLibrary] AndroidManifest.xml:24:9-72
activity#com.unity3d.player.UnityPlayerActivity
ADDED from [:unityLibrary] AndroidManifest.xml:28:9-45:20
	android:screenOrientation
		ADDED from [:unityLibrary] AndroidManifest.xml:33:13-51
	android:launchMode
		ADDED from [:unityLibrary] AndroidManifest.xml:32:13-44
	android:hardwareAccelerated
		ADDED from [:unityLibrary] AndroidManifest.xml:31:13-48
	android:configChanges
		ADDED from [:unityLibrary] AndroidManifest.xml:30:13-194
	android:theme
		ADDED from [:unityLibrary] AndroidManifest.xml:34:13-54
	android:name
		ADDED from [:unityLibrary] AndroidManifest.xml:29:13-66
intent-filter#action:name:android.intent.action.MAIN+category:name:android.intent.category.LAUNCHER+category:name:android.intent.category.LEANBACK_LAUNCHER
ADDED from [:unityLibrary] AndroidManifest.xml:35:13-40:29
action#android.intent.action.MAIN
ADDED from [:unityLibrary] AndroidManifest.xml:36:17-69
	android:name
		ADDED from [:unityLibrary] AndroidManifest.xml:36:25-66
category#android.intent.category.LAUNCHER
ADDED from [:unityLibrary] AndroidManifest.xml:38:17-77
	android:name
		ADDED from [:unityLibrary] AndroidManifest.xml:38:27-74
category#android.intent.category.LEANBACK_LAUNCHER
ADDED from [:unityLibrary] AndroidManifest.xml:39:17-86
	android:name
		ADDED from [:unityLibrary] AndroidManifest.xml:39:27-83
meta-data#unityplayer.UnityActivity
ADDED from [:unityLibrary] AndroidManifest.xml:42:13-44:40
	android:value
		ADDED from [:unityLibrary] AndroidManifest.xml:44:17-37
	android:name
		ADDED from [:unityLibrary] AndroidManifest.xml:43:17-57
meta-data#unity.splash-mode
ADDED from [:unityLibrary] AndroidManifest.xml:47:9-49:33
	android:value
		ADDED from [:unityLibrary] AndroidManifest.xml:49:13-30
	android:name
		ADDED from [:unityLibrary] AndroidManifest.xml:48:13-45
meta-data#unity.splash-enable
ADDED from [:unityLibrary] AndroidManifest.xml:50:9-52:36
	android:value
		ADDED from [:unityLibrary] AndroidManifest.xml:52:13-33
	android:name
		ADDED from [:unityLibrary] AndroidManifest.xml:51:13-47
meta-data#unity.build-id
ADDED from [:unityLibrary] AndroidManifest.xml:53:9-55:68
	android:value
		ADDED from [:unityLibrary] AndroidManifest.xml:55:13-65
	android:name
		ADDED from [:unityLibrary] AndroidManifest.xml:54:13-42